<?xml version="1.0" encoding="UTF-8"?>
<!-- Generated by org.testng.reporters.JUnitXMLReporter -->
<testsuite hostname="NEXTGEN-88" ignored="0" name="Default test" tests="4" failures="0" timestamp="15 Mar 2021 13:33:27 GMT" time="12.365" errors="0">
  <testcase name="B1" time="7.773" classname="session.ParallelExecution"/>
  <testcase name="B1" time="8.306" classname="session.ParallelExecution"/>
  <testcase name="B1" time="8.262" classname="session.ParallelExecution"/>
  <testcase name="B1" time="8.601" classname="session.ParallelExecution"/>
</testsuite> <!-- Default test -->
