<?xml version="1.0" encoding="UTF-8"?>
<testng-results skipped="0" failed="0" ignored="0" total="4" passed="4">
  <reporter-output>
  </reporter-output>
  <suite name="Default suite" duration-ms="12365" started-at="2021-03-15T13:33:14Z" finished-at="2021-03-15T13:33:27Z">
    <groups>
    </groups>
    <test name="Default test" duration-ms="12365" started-at="2021-03-15T13:33:14Z" finished-at="2021-03-15T13:33:27Z">
      <class name="session.ParallelExecution">
        <test-method status="PASS" signature="befor()[pri:0, instance:session.ParallelExecution@1a968a59]" name="befor" is-config="true" duration-ms="3662" started-at="2021-03-15T13:33:14Z" finished-at="2021-03-15T13:33:18Z">
          <reporter-output>
          </reporter-output>
        </test-method> <!-- befor -->
        <test-method status="PASS" signature="befor()[pri:0, instance:session.ParallelExecution@1a968a59]" name="befor" is-config="true" duration-ms="3722" started-at="2021-03-15T13:33:14Z" finished-at="2021-03-15T13:33:18Z">
          <reporter-output>
          </reporter-output>
        </test-method> <!-- befor -->
        <test-method status="PASS" signature="befor()[pri:0, instance:session.ParallelExecution@1a968a59]" name="befor" is-config="true" duration-ms="3766" started-at="2021-03-15T13:33:14Z" finished-at="2021-03-15T13:33:18Z">
          <reporter-output>
          </reporter-output>
        </test-method> <!-- befor -->
        <test-method status="PASS" signature="befor()[pri:0, instance:session.ParallelExecution@1a968a59]" name="befor" is-config="true" duration-ms="3159" started-at="2021-03-15T13:33:14Z" finished-at="2021-03-15T13:33:18Z">
          <reporter-output>
          </reporter-output>
        </test-method> <!-- befor -->
        <test-method status="PASS" signature="B1(java.lang.String)[pri:0, instance:session.ParallelExecution@1a968a59]" name="B1" duration-ms="7773" started-at="2021-03-15T13:33:18Z" data-provider="Get" finished-at="2021-03-15T13:33:25Z">
          <params>
            <param index="0">
              <value>
                <![CDATA[SP]]>
              </value>
            </param>
          </params>
          <reporter-output>
          </reporter-output>
        </test-method> <!-- B1 -->
        <test-method status="PASS" signature="B1(java.lang.String)[pri:0, instance:session.ParallelExecution@1a968a59]" name="B1" duration-ms="8306" started-at="2021-03-15T13:33:18Z" data-provider="Get" finished-at="2021-03-15T13:33:26Z">
          <params>
            <param index="0">
              <value>
                <![CDATA[DP]]>
              </value>
            </param>
          </params>
          <reporter-output>
          </reporter-output>
        </test-method> <!-- B1 -->
        <test-method status="PASS" signature="B1(java.lang.String)[pri:0, instance:session.ParallelExecution@1a968a59]" name="B1" duration-ms="8601" started-at="2021-03-15T13:33:18Z" data-provider="Get" finished-at="2021-03-15T13:33:27Z">
          <params>
            <param index="0">
              <value>
                <![CDATA[MP]]>
              </value>
            </param>
          </params>
          <reporter-output>
          </reporter-output>
        </test-method> <!-- B1 -->
        <test-method status="PASS" signature="B1(java.lang.String)[pri:0, instance:session.ParallelExecution@1a968a59]" name="B1" duration-ms="8262" started-at="2021-03-15T13:33:18Z" data-provider="Get" finished-at="2021-03-15T13:33:26Z">
          <params>
            <param index="0">
              <value>
                <![CDATA[AP]]>
              </value>
            </param>
          </params>
          <reporter-output>
          </reporter-output>
        </test-method> <!-- B1 -->
      </class> <!-- session.ParallelExecution -->
    </test> <!-- Default test -->
  </suite> <!-- Default suite -->
</testng-results>
